# JRE version: OpenJDK Runtime Environment (11.0.13+8) (build 11.0.13+8-Ubuntu-0ubuntu1.20.04)
# Java VM: OpenJDK 64-Bit Server VM (11.0.13+8-Ubuntu-0ubuntu1.20.04, mixed mode, sharing, tiered, compressed oops, serial gc, linux-amd64)
Heap:
 def new generation   total 94080K, used 70456K [0x00000006cea00000, 0x00000006d5010000, 0x00000007346a0000)
  eden space 83648K,  79% used [0x00000006cea00000, 0x00000006d2aa99a8, 0x00000006d3bb0000)
  from space 10432K,  40% used [0x00000006d3bb0000, 0x00000006d3fd4a18, 0x00000006d45e0000)
  to   space 10432K,   0% used [0x00000006d45e0000, 0x00000006d45e0000, 0x00000006d5010000)
 tenured generation   total 208896K, used 16803K [0x00000007346a0000, 0x00000007412a0000, 0x0000000800000000)
   the space 208896K,   8% used [0x00000007346a0000, 0x0000000735708ca0, 0x0000000735708e00, 0x00000007412a0000)
 Metaspace       used 53978K, capacity 55939K, committed 56152K, reserved 1097728K
  class space    used 7236K, capacity 7983K, committed 8024K, reserved 1048576K
GC Heap History (12 events):
Event: 1,310 GC heap before
{Heap before GC invocations=0 (full 0):
 def new generation   total 94016K, used 83584K [0x00000006cea00000, 0x00000006d5000000, 0x00000007346a0000)
  eden space 83584K, 100% used [0x00000006cea00000, 0x00000006d3ba0000, 0x00000006d3ba0000)
  from space 10432K,   0% used [0x00000006d3ba0000, 0x00000006d3ba0000, 0x00000006d45d0000)
  to   space 10432K,   0% used [0x00000006d45d0000, 0x00000006d45d0000, 0x00000006d5000000)
 tenured generation   total 208896K, used 0K [0x00000007346a0000, 0x00000007412a0000, 0x0000000800000000)
   the space 208896K,   0% used [0x00000007346a0000, 0x00000007346a0000, 0x00000007346a0200, 0x00000007412a0000)
 Metaspace       used 8474K, capacity 8894K, committed 9216K, reserved 1056768K
  class space    used 1084K, capacity 1251K, committed 1280K, reserved 1048576K
}
Event: 1,323 GC heap after
{Heap after GC invocations=1 (full 0):
 def new generation   total 94016K, used 7148K [0x00000006cea00000, 0x00000006d5000000, 0x00000007346a0000)
  eden space 83584K,   0% used [0x00000006cea00000, 0x00000006cea00000, 0x00000006d3ba0000)
  from space 10432K,  68% used [0x00000006d45d0000, 0x00000006d4ccb300, 0x00000006d5000000)
  to   space 10432K,   0% used [0x00000006d3ba0000, 0x00000006d3ba0000, 0x00000006d45d0000)
 tenured generation   total 208896K, used 0K [0x00000007346a0000, 0x00000007412a0000, 0x0000000800000000)
   the space 208896K,   0% used [0x00000007346a0000, 0x00000007346a0000, 0x00000007346a0200, 0x00000007412a0000)
 Metaspace       used 8474K, capacity 8894K, committed 9216K, reserved 1056768K
  class space    used 1084K, capacity 1251K, committed 1280K, reserved 1048576K
}
Event: 2,471 GC heap before
{Heap before GC invocations=1 (full 0):
 def new generation   total 94016K, used 90732K [0x00000006cea00000, 0x00000006d5000000, 0x00000007346a0000)
  eden space 83584K, 100% used [0x00000006cea00000, 0x00000006d3ba0000, 0x00000006d3ba0000)
  from space 10432K,  68% used [0x00000006d45d0000, 0x00000006d4ccb300, 0x00000006d5000000)
  to   space 10432K,   0% used [0x00000006d3ba0000, 0x00000006d3ba0000, 0x00000006d45d0000)
 tenured generation   total 208896K, used 0K [0x00000007346a0000, 0x00000007412a0000, 0x0000000800000000)
   the space 208896K,   0% used [0x00000007346a0000, 0x00000007346a0000, 0x00000007346a0200, 0x00000007412a0000)
 Metaspace       used 14619K, capacity 15333K, committed 15616K, reserved 1062912K
  class space    used 1966K, capacity 2268K, committed 2304K, reserved 1048576K
}
Event: 2,491 GC heap after
{Heap after GC invocations=2 (full 0):
 def new generation   total 94016K, used 2365K [0x00000006cea00000, 0x00000006d5000000, 0x00000007346a0000)
  eden space 83584K,   0% used [0x00000006cea00000, 0x00000006cea00000, 0x00000006d3ba0000)
  from space 10432K,  22% used [0x00000006d3ba0000, 0x00000006d3def4d8, 0x00000006d45d0000)
  to   space 10432K,   0% used [0x00000006d45d0000, 0x00000006d45d0000, 0x00000006d5000000)
 tenured generation   total 208896K, used 6999K [0x00000007346a0000, 0x00000007412a0000, 0x0000000800000000)
   the space 208896K,   3% used [0x00000007346a0000, 0x0000000734d75f50, 0x0000000734d76000, 0x00000007412a0000)
 Metaspace       used 14619K, capacity 15333K, committed 15616K, reserved 1062912K
  class space    used 1966K, capacity 2268K, committed 2304K, reserved 1048576K
}
Event: 3,079 GC heap before
{Heap before GC invocations=2 (full 0):
 def new generation   total 94016K, used 80051K [0x00000006cea00000, 0x00000006d5000000, 0x00000007346a0000)
  eden space 83584K,  92% used [0x00000006cea00000, 0x00000006d35dd950, 0x00000006d3ba0000)
  from space 10432K,  22% used [0x00000006d3ba0000, 0x00000006d3def4d8, 0x00000006d45d0000)
  to   space 10432K,   0% used [0x00000006d45d0000, 0x00000006d45d0000, 0x00000006d5000000)
 tenured generation   total 208896K, used 6999K [0x00000007346a0000, 0x00000007412a0000, 0x0000000800000000)
   the space 208896K,   3% used [0x00000007346a0000, 0x0000000734d75f50, 0x0000000734d76000, 0x00000007412a0000)
 Metaspace       used 20098K, capacity 21121K, committed 21248K, reserved 1067008K
  class space    used 2786K, capacity 3225K, committed 3328K, reserved 1048576K
}
Event: 3,108 GC heap after
{Heap after GC invocations=3 (full 1):
 def new generation   total 94080K, used 0K [0x00000006cea00000, 0x00000006d5010000, 0x00000007346a0000)
  eden space 83648K,   0% used [0x00000006cea00000, 0x00000006cea00000, 0x00000006d3bb0000)
  from space 10432K,   0% used [0x00000006d3bb0000, 0x00000006d3bb0000, 0x00000006d45e0000)
  to   space 10432K,   0% used [0x00000006d45e0000, 0x00000006d45e0000, 0x00000006d5010000)
 tenured generation   total 208896K, used 12452K [0x00000007346a0000, 0x00000007412a0000, 0x0000000800000000)
   the space 208896K,   5% used [0x00000007346a0000, 0x00000007352c9198, 0x00000007352c9200, 0x00000007412a0000)
 Metaspace       used 20098K, capacity 21121K, committed 21248K, reserved 1067008K
  class space    used 2786K, capacity 3225K, committed 3328K, reserved 1048576K
}
Event: 3,267 GC heap before
{Heap before GC invocations=3 (full 1):
 def new generation   total 94080K, used 83594K [0x00000006cea00000, 0x00000006d5010000, 0x00000007346a0000)
  eden space 83648K,  99% used [0x00000006cea00000, 0x00000006d3ba2bd0, 0x00000006d3bb0000)
  from space 10432K,   0% used [0x00000006d3bb0000, 0x00000006d3bb0000, 0x00000006d45e0000)
  to   space 10432K,   0% used [0x00000006d45e0000, 0x00000006d45e0000, 0x00000006d5010000)
 tenured generation   total 208896K, used 12452K [0x00000007346a0000, 0x00000007412a0000, 0x0000000800000000)
   the space 208896K,   5% used [0x00000007346a0000, 0x00000007352c9198, 0x00000007352c9200, 0x00000007412a0000)
 Metaspace       used 22588K, capacity 23818K, committed 23936K, reserved 1069056K
  class space    used 3104K, capacity 3614K, committed 3712K, reserved 1048576K
}
Event: 3,270 GC heap after
{Heap after GC invocations=4 (full 1):
 def new generation   total 94080K, used 1659K [0x00000006cea00000, 0x00000006d5010000, 0x00000007346a0000)
  eden space 83648K,   0% used [0x00000006cea00000, 0x00000006cea00000, 0x00000006d3bb0000)
  from space 10432K,  15% used [0x00000006d45e0000, 0x00000006d477ef30, 0x00000006d5010000)
  to   space 10432K,   0% used [0x00000006d3bb0000, 0x00000006d3bb0000, 0x00000006d45e0000)
 tenured generation   total 208896K, used 12452K [0x00000007346a0000, 0x00000007412a0000, 0x0000000800000000)
   the space 208896K,   5% used [0x00000007346a0000, 0x00000007352c9198, 0x00000007352c9200, 0x00000007412a0000)
 Metaspace       used 22588K, capacity 23818K, committed 23936K, reserved 1069056K
  class space    used 3104K, capacity 3614K, committed 3712K, reserved 1048576K
}
Event: 3,613 GC heap before
{Heap before GC invocations=4 (full 1):
 def new generation   total 94080K, used 81078K [0x00000006cea00000, 0x00000006d5010000, 0x00000007346a0000)
  eden space 83648K,  94% used [0x00000006cea00000, 0x00000006d378ec28, 0x00000006d3bb0000)
  from space 10432K,  15% used [0x00000006d45e0000, 0x00000006d477ef30, 0x00000006d5010000)
  to   space 10432K,   0% used [0x00000006d3bb0000, 0x00000006d3bb0000, 0x00000006d45e0000)
 tenured generation   total 208896K, used 12452K [0x00000007346a0000, 0x00000007412a0000, 0x0000000800000000)
   the space 208896K,   5% used [0x00000007346a0000, 0x00000007352c9198, 0x00000007352c9200, 0x00000007412a0000)
 Metaspace       used 33818K, capacity 35247K, committed 35416K, reserved 1079296K
  class space    used 4568K, capacity 5151K, committed 5208K, reserved 1048576K
}
Event: 3,645 GC heap after
{Heap after GC invocations=5 (full 2):
 def new generation   total 94080K, used 0K [0x00000006cea00000, 0x00000006d5010000, 0x00000007346a0000)
  eden space 83648K,   0% used [0x00000006cea00000, 0x00000006cea00000, 0x00000006d3bb0000)
  from space 10432K,   0% used [0x00000006d45e0000, 0x00000006d45e0000, 0x00000006d5010000)
  to   space 10432K,   0% used [0x00000006d3bb0000, 0x00000006d3bb0000, 0x00000006d45e0000)
 tenured generation   total 208896K, used 16803K [0x00000007346a0000, 0x00000007412a0000, 0x0000000800000000)
   the space 208896K,   8% used [0x00000007346a0000, 0x0000000735708ca0, 0x0000000735708e00, 0x00000007412a0000)
 Metaspace       used 33818K, capacity 35247K, committed 35416K, reserved 1079296K
  class space    used 4568K, capacity 5151K, committed 5208K, reserved 1048576K
}
Event: 4,174 GC heap before
{Heap before GC invocations=5 (full 2):
 def new generation   total 94080K, used 83648K [0x00000006cea00000, 0x00000006d5010000, 0x00000007346a0000)
  eden space 83648K, 100% used [0x00000006cea00000, 0x00000006d3bb0000, 0x00000006d3bb0000)
  from space 10432K,   0% used [0x00000006d45e0000, 0x00000006d45e0000, 0x00000006d5010000)
  to   space 10432K,   0% used [0x00000006d3bb0000, 0x00000006d3bb0000, 0x00000006d45e0000)
 tenured generation   total 208896K, used 16803K [0x00000007346a0000, 0x00000007412a0000, 0x0000000800000000)
   the space 208896K,   8% used [0x00000007346a0000, 0x0000000735708ca0, 0x0000000735708e00, 0x00000007412a0000)
 Metaspace       used 46600K, capacity 48364K, committed 48600K, reserved 1091584K
  class space    used 6341K, capacity 7047K, committed 7128K, reserved 1048576K
}
Event: 4,183 GC heap after
{Heap after GC invocations=6 (full 2):
 def new generation   total 94080K, used 4242K [0x00000006cea00000, 0x00000006d5010000, 0x00000007346a0000)
  eden space 83648K,   0% used [0x00000006cea00000, 0x00000006cea00000, 0x00000006d3bb0000)
  from space 10432K,  40% used [0x00000006d3bb0000, 0x00000006d3fd4a18, 0x00000006d45e0000)
  to   space 10432K,   0% used [0x00000006d45e0000, 0x00000006d45e0000, 0x00000006d5010000)
 tenured generation   total 208896K, used 16803K [0x00000007346a0000, 0x00000007412a0000, 0x0000000800000000)
   the space 208896K,   8% used [0x00000007346a0000, 0x0000000735708ca0, 0x0000000735708e00, 0x00000007412a0000)
 Metaspace       used 46600K, capacity 48364K, committed 48600K, reserved 1091584K
  class space    used 6341K, capacity 7047K, committed 7128K, reserved 1048576K
}

